<?xml version="1.0" encoding="UTF-8"?>
<!-- Generated by org.testng.reporters.JUnitReportReporter -->
<testsuite hostname="LAPTOP-EIBBGPPA" failures="0" tests="1" name="baseTest.baseTest" time="0.008" errors="0" timestamp="2022-01-10T20:10:00 PST" skipped="0">
  <testcase classname="baseTest.baseTest" name="utilsTest" time="0.008"/>
  <system-out/>
</testsuite> <!-- baseTest.baseTest -->
