<?xml version="1.0" encoding="UTF-8"?>
<!-- Generated by org.testng.reporters.JUnitReportReporter -->
<testsuite hostname="LAPTOP-EIBBGPPA" failures="0" tests="1" name="functionalTesting.GetRequestAutomation" time="1.976" errors="0" timestamp="2022-03-13T21:53:29 PDT" skipped="0">
  <testcase classname="functionalTesting.GetRequestAutomation" name="postAPIAutomation" time="1.976"/>
  <system-out/>
</testsuite> <!-- functionalTesting.GetRequestAutomation -->
